<?xml version="1.0" encoding="UTF-8"?>
<!-- Generated by org.testng.reporters.JUnitXMLReporter -->
<testsuite hostname="DESKTOP-A71PO2S" ignored="1" name="Default test" tests="4" failures="0" timestamp="2021-05-19T23:31:03 IST" time="4.689" errors="0">
  <testcase name="shouldBeAbleToCreatePlaylist" time="3.653" classname="com.spotify.oauth2.tests.PlaylistTests"/>
  <testcase name="shouldBeAbleToPutPlaylist" time="0.365" classname="com.spotify.oauth2.tests.PlaylistTests"/>
  <testcase name="shouldNotBeAbleToCreatePlaylistWithExpiredToken" time="0.317" classname="com.spotify.oauth2.tests.PlaylistTests"/>
  <testcase name="shouldNotBeAbleToCreatePlaylistWithoutName" time="0.308" classname="com.spotify.oauth2.tests.PlaylistTests"/>
  <testcase name="shouldBeAbleToGetPlaylist" time="0.0" classname="com.spotify.oauth2.tests.PlaylistTests">
    <ignored/>
  </testcase> <!-- shouldBeAbleToGetPlaylist -->
</testsuite> <!-- Default test -->
