<?xml version="1.0" encoding="UTF-8"?>
<testng-results skipped="0" failed="0" ignored="1" total="5" passed="4">
  <reporter-output>
  </reporter-output>
  <suite name="Default suite" duration-ms="4689" started-at="2021-05-19T23:30:58 IST" finished-at="2021-05-19T23:31:03 IST">
    <groups>
    </groups>
    <test name="Default test" duration-ms="4689" started-at="2021-05-19T23:30:58 IST" finished-at="2021-05-19T23:31:03 IST">
      <class name="com.spotify.oauth2.tests.PlaylistTests">
        <test-method status="PASS" signature="shouldBeAbleToCreatePlaylist()[pri:0, instance:com.spotify.oauth2.tests.PlaylistTests@3aeaafa6]" name="shouldBeAbleToCreatePlaylist" duration-ms="3653" started-at="2021-05-19T23:30:58 IST" finished-at="2021-05-19T23:31:02 IST">
          <reporter-output>
          </reporter-output>
        </test-method> <!-- shouldBeAbleToCreatePlaylist -->
        <test-method status="PASS" signature="shouldBeAbleToPutPlaylist()[pri:0, instance:com.spotify.oauth2.tests.PlaylistTests@3aeaafa6]" name="shouldBeAbleToPutPlaylist" duration-ms="365" started-at="2021-05-19T23:31:02 IST" finished-at="2021-05-19T23:31:02 IST">
          <reporter-output>
          </reporter-output>
        </test-method> <!-- shouldBeAbleToPutPlaylist -->
        <test-method status="PASS" signature="shouldNotBeAbleToCreatePlaylistWithExpiredToken()[pri:0, instance:com.spotify.oauth2.tests.PlaylistTests@3aeaafa6]" name="shouldNotBeAbleToCreatePlaylistWithExpiredToken" duration-ms="317" started-at="2021-05-19T23:31:02 IST" finished-at="2021-05-19T23:31:03 IST">
          <reporter-output>
          </reporter-output>
        </test-method> <!-- shouldNotBeAbleToCreatePlaylistWithExpiredToken -->
        <test-method status="PASS" signature="shouldNotBeAbleToCreatePlaylistWithoutName()[pri:0, instance:com.spotify.oauth2.tests.PlaylistTests@3aeaafa6]" name="shouldNotBeAbleToCreatePlaylistWithoutName" duration-ms="308" started-at="2021-05-19T23:31:03 IST" finished-at="2021-05-19T23:31:03 IST">
          <reporter-output>
          </reporter-output>
        </test-method> <!-- shouldNotBeAbleToCreatePlaylistWithoutName -->
      </class> <!-- com.spotify.oauth2.tests.PlaylistTests -->
    </test> <!-- Default test -->
  </suite> <!-- Default suite -->
</testng-results>
